DEB [20160926-22:41:51.757] thr=1   paramiko.transport: starting thread (client mode): 0xe8aced90L
DEB [20160926-22:41:51.757] thr=1   paramiko.transport: Local version/idstring: SSH-2.0-paramiko_1.16.0
DEB [20160926-22:41:53.605] thr=1   paramiko.transport: Remote version/idstring: SSH-2.0-dropbear_2014.65
INF [20160926-22:41:53.606] thr=1   paramiko.transport: Connected (version 2.0, client dropbear_2014.65)
DEB [20160926-22:41:53.607] thr=1   paramiko.transport: kex algos:[u'curve25519-sha256@libssh.org', u'ecdh-sha2-nistp521', u'ecdh-sha2-nistp384', u'ecdh-sha2-nistp256', u'diffie-hellman-group1-sha1', u'kexguess2@matt.ucc.asn.au'] server key:[u'ssh-rsa', u'ssh-dss'] client encrypt:[u'aes128-ctr', u'3des-ctr', u'aes256-ctr', u'aes128-cbc', u'3des-cbc', u'aes256-cbc', u'twofish256-cbc', u'twofish-cbc', u'twofish128-cbc'] server encrypt:[u'aes128-ctr', u'3des-ctr', u'aes256-ctr', u'aes128-cbc', u'3des-cbc', u'aes256-cbc', u'twofish256-cbc', u'twofish-cbc', u'twofish128-cbc'] client mac:[u'hmac-sha1-96', u'hmac-sha1', u'hmac-md5'] server mac:[u'hmac-sha1-96', u'hmac-sha1', u'hmac-md5'] client compress:[u'none'] server compress:[u'none'] client lang:[u''] server lang:[u''] kex follows?False
DEB [20160926-22:41:53.607] thr=1   paramiko.transport: Kex agreed: diffie-hellman-group1-sha1
DEB [20160926-22:41:53.607] thr=1   paramiko.transport: Cipher agreed: aes128-ctr
DEB [20160926-22:41:53.607] thr=1   paramiko.transport: MAC agreed: hmac-md5
DEB [20160926-22:41:53.607] thr=1   paramiko.transport: Compression agreed: none
DEB [20160926-22:41:56.678] thr=1   paramiko.transport: kex engine KexGroup1 specified hash_algo <built-in function openssl_sha1>
DEB [20160926-22:41:56.678] thr=1   paramiko.transport: Switch to new keys ...
DEB [20160926-22:41:56.685] thr=2   paramiko.transport: Adding ssh-rsa host key for 192.168.0.11: 48c2c9bacb76df1f47367c46f370dd25
DEB [20160926-22:41:56.698] thr=1   paramiko.transport: userauth is OK
INF [20160926-22:41:56.710] thr=1   paramiko.transport: Authentication (password) successful!
DEB [20160926-22:41:56.718] thr=2   paramiko.transport: [chan 0] Max packet in: 32768 bytes
DEB [20160926-22:41:56.724] thr=1   paramiko.transport: [chan 0] Max packet out: 32759 bytes
DEB [20160926-22:41:56.724] thr=1   paramiko.transport: Secsh channel 0 opened.
DEB [20160926-22:41:56.734] thr=1   paramiko.transport: [chan 0] Sesch channel 0 request ok
DEB [20160926-22:41:56.769] thr=1   paramiko.transport: [chan 0] Sesch channel 0 request ok
DEB [20160926-22:42:07.846] thr=1   paramiko.transport: EOF in transport thread
DEB [20160926-22:42:12.056] thr=3   paramiko.transport: starting thread (client mode): 0xe8ae4110L
DEB [20160926-22:42:12.057] thr=3   paramiko.transport: Local version/idstring: SSH-2.0-paramiko_1.16.0
ERR [20160926-22:42:12.799] thr=3   paramiko.transport: Exception: Error reading SSH protocol banner[Errno 104] Connection reset by peer
ERR [20160926-22:42:12.801] thr=3   paramiko.transport: Traceback (most recent call last):
ERR [20160926-22:42:12.801] thr=3   paramiko.transport:   File "/usr/lib/python2.7/dist-packages/paramiko/transport.py", line 1710, in run
ERR [20160926-22:42:12.801] thr=3   paramiko.transport:     self._check_banner()
ERR [20160926-22:42:12.801] thr=3   paramiko.transport:   File "/usr/lib/python2.7/dist-packages/paramiko/transport.py", line 1858, in _check_banner
ERR [20160926-22:42:12.801] thr=3   paramiko.transport:     raise SSHException('Error reading SSH protocol banner' + str(e))
ERR [20160926-22:42:12.801] thr=3   paramiko.transport: SSHException: Error reading SSH protocol banner[Errno 104] Connection reset by peer
ERR [20160926-22:42:12.801] thr=3   paramiko.transport: 
DEB [20160926-22:42:13.853] thr=4   paramiko.transport: starting thread (client mode): 0xe8ace390L
DEB [20160926-22:42:13.853] thr=4   paramiko.transport: Local version/idstring: SSH-2.0-paramiko_1.16.0
DEB [20160926-22:42:14.420] thr=4   paramiko.transport: Remote version/idstring: SSH-2.0-OpenSSH_5.9p1 Debian-5ubuntu1
INF [20160926-22:42:14.420] thr=4   paramiko.transport: Connected (version 2.0, client OpenSSH_5.9p1)
DEB [20160926-22:42:14.521] thr=4   paramiko.transport: kex algos:[u'ecdh-sha2-nistp256', u'ecdh-sha2-nistp384', u'ecdh-sha2-nistp521', u'diffie-hellman-group-exchange-sha256', u'diffie-hellman-group-exchange-sha1', u'diffie-hellman-group14-sha1', u'diffie-hellman-group1-sha1'] server key:[u'ssh-rsa', u'ssh-dss', u'ecdsa-sha2-nistp256'] client encrypt:[u'aes128-ctr', u'aes192-ctr', u'aes256-ctr', u'arcfour256', u'arcfour128', u'aes128-cbc', u'3des-cbc', u'blowfish-cbc', u'cast128-cbc', u'aes192-cbc', u'aes256-cbc', u'arcfour', u'rijndael-cbc@lysator.liu.se'] server encrypt:[u'aes128-ctr', u'aes192-ctr', u'aes256-ctr', u'arcfour256', u'arcfour128', u'aes128-cbc', u'3des-cbc', u'blowfish-cbc', u'cast128-cbc', u'aes192-cbc', u'aes256-cbc', u'arcfour', u'rijndael-cbc@lysator.liu.se'] client mac:[u'hmac-md5', u'hmac-sha1', u'umac-64@openssh.com', u'hmac-sha2-256', u'hmac-sha2-256-96', u'hmac-sha2-512', u'hmac-sha2-512-96', u'hmac-ripemd160', u'hmac-ripemd160@openssh.com', u'hmac-sha1-96', u'hmac-md5-96'] server mac:[u'hmac-md5', u'hmac-sha1', u'umac-64@openssh.com', u'hmac-sha2-256', u'hmac-sha2-256-96', u'hmac-sha2-512', u'hmac-sha2-512-96', u'hmac-ripemd160', u'hmac-ripemd160@openssh.com', u'hmac-sha1-96', u'hmac-md5-96'] client compress:[u'none', u'zlib@openssh.com'] server compress:[u'none', u'zlib@openssh.com'] client lang:[u''] server lang:[u''] kex follows?False
DEB [20160926-22:42:14.521] thr=4   paramiko.transport: Kex agreed: diffie-hellman-group1-sha1
DEB [20160926-22:42:14.521] thr=4   paramiko.transport: Cipher agreed: aes128-ctr
DEB [20160926-22:42:14.521] thr=4   paramiko.transport: MAC agreed: hmac-sha2-256
DEB [20160926-22:42:14.522] thr=4   paramiko.transport: Compression agreed: none
DEB [20160926-22:42:14.655] thr=4   paramiko.transport: kex engine KexGroup1 specified hash_algo <built-in function openssl_sha1>
DEB [20160926-22:42:14.656] thr=4   paramiko.transport: Switch to new keys ...
DEB [20160926-22:42:14.661] thr=5   paramiko.transport: Adding ssh-rsa host key for 192.168.10.9: 5e17d597fc1ae7ee3c2e0fb2d3c000b2
DEB [20160926-22:42:14.668] thr=4   paramiko.transport: userauth is OK
INF [20160926-22:42:19.941] thr=4   paramiko.transport: Authentication (password) successful!
DEB [20160926-22:42:20.042] thr=4   paramiko.transport: EOF in transport thread
DEB [20160926-22:42:20.313] thr=6   paramiko.transport: starting thread (client mode): 0xe8ace590L
DEB [20160926-22:42:20.314] thr=6   paramiko.transport: Local version/idstring: SSH-2.0-paramiko_1.16.0
DEB [20160926-22:42:29.709] thr=6   paramiko.transport: Remote version/idstring: SSH-2.0-OpenSSH_5.9p1 Debian-5ubuntu1
INF [20160926-22:42:29.709] thr=6   paramiko.transport: Connected (version 2.0, client OpenSSH_5.9p1)
DEB [20160926-22:42:30.358] thr=6   paramiko.transport: kex algos:[u'ecdh-sha2-nistp256', u'ecdh-sha2-nistp384', u'ecdh-sha2-nistp521', u'diffie-hellman-group-exchange-sha256', u'diffie-hellman-group-exchange-sha1', u'diffie-hellman-group14-sha1', u'diffie-hellman-group1-sha1'] server key:[u'ssh-rsa', u'ssh-dss', u'ecdsa-sha2-nistp256'] client encrypt:[u'aes128-ctr', u'aes192-ctr', u'aes256-ctr', u'arcfour256', u'arcfour128', u'aes128-cbc', u'3des-cbc', u'blowfish-cbc', u'cast128-cbc', u'aes192-cbc', u'aes256-cbc', u'arcfour', u'rijndael-cbc@lysator.liu.se'] server encrypt:[u'aes128-ctr', u'aes192-ctr', u'aes256-ctr', u'arcfour256', u'arcfour128', u'aes128-cbc', u'3des-cbc', u'blowfish-cbc', u'cast128-cbc', u'aes192-cbc', u'aes256-cbc', u'arcfour', u'rijndael-cbc@lysator.liu.se'] client mac:[u'hmac-md5', u'hmac-sha1', u'umac-64@openssh.com', u'hmac-sha2-256', u'hmac-sha2-256-96', u'hmac-sha2-512', u'hmac-sha2-512-96', u'hmac-ripemd160', u'hmac-ripemd160@openssh.com', u'hmac-sha1-96', u'hmac-md5-96'] server mac:[u'hmac-md5', u'hmac-sha1', u'umac-64@openssh.com', u'hmac-sha2-256', u'hmac-sha2-256-96', u'hmac-sha2-512', u'hmac-sha2-512-96', u'hmac-ripemd160', u'hmac-ripemd160@openssh.com', u'hmac-sha1-96', u'hmac-md5-96'] client compress:[u'none', u'zlib@openssh.com'] server compress:[u'none', u'zlib@openssh.com'] client lang:[u''] server lang:[u''] kex follows?False
DEB [20160926-22:42:30.358] thr=6   paramiko.transport: Kex agreed: diffie-hellman-group1-sha1
DEB [20160926-22:42:30.358] thr=6   paramiko.transport: Cipher agreed: aes128-ctr
DEB [20160926-22:42:30.358] thr=6   paramiko.transport: MAC agreed: hmac-sha2-256
DEB [20160926-22:42:30.358] thr=6   paramiko.transport: Compression agreed: none
DEB [20160926-22:42:31.712] thr=6   paramiko.transport: kex engine KexGroup1 specified hash_algo <built-in function openssl_sha1>
DEB [20160926-22:42:31.712] thr=6   paramiko.transport: Switch to new keys ...
DEB [20160926-22:42:31.730] thr=7   paramiko.transport: Adding ssh-rsa host key for 192.168.10.9: 5e17d597fc1ae7ee3c2e0fb2d3c000b2
DEB [20160926-22:42:31.736] thr=6   paramiko.transport: userauth is OK
INF [20160926-22:42:37.685] thr=6   paramiko.transport: Authentication (password) successful!
DEB [20160926-22:42:37.786] thr=6   paramiko.transport: EOF in transport thread
DEB [20160926-22:42:41.954] thr=8   paramiko.transport: starting thread (client mode): 0xe8ace490L
DEB [20160926-22:42:41.954] thr=8   paramiko.transport: Local version/idstring: SSH-2.0-paramiko_1.16.0
DEB [20160926-22:42:42.525] thr=8   paramiko.transport: Remote version/idstring: SSH-2.0-OpenSSH_5.9p1 Debian-5ubuntu1
INF [20160926-22:42:42.525] thr=8   paramiko.transport: Connected (version 2.0, client OpenSSH_5.9p1)
DEB [20160926-22:42:42.818] thr=8   paramiko.transport: kex algos:[u'ecdh-sha2-nistp256', u'ecdh-sha2-nistp384', u'ecdh-sha2-nistp521', u'diffie-hellman-group-exchange-sha256', u'diffie-hellman-group-exchange-sha1', u'diffie-hellman-group14-sha1', u'diffie-hellman-group1-sha1'] server key:[u'ssh-rsa', u'ssh-dss', u'ecdsa-sha2-nistp256'] client encrypt:[u'aes128-ctr', u'aes192-ctr', u'aes256-ctr', u'arcfour256', u'arcfour128', u'aes128-cbc', u'3des-cbc', u'blowfish-cbc', u'cast128-cbc', u'aes192-cbc', u'aes256-cbc', u'arcfour', u'rijndael-cbc@lysator.liu.se'] server encrypt:[u'aes128-ctr', u'aes192-ctr', u'aes256-ctr', u'arcfour256', u'arcfour128', u'aes128-cbc', u'3des-cbc', u'blowfish-cbc', u'cast128-cbc', u'aes192-cbc', u'aes256-cbc', u'arcfour', u'rijndael-cbc@lysator.liu.se'] client mac:[u'hmac-md5', u'hmac-sha1', u'umac-64@openssh.com', u'hmac-sha2-256', u'hmac-sha2-256-96', u'hmac-sha2-512', u'hmac-sha2-512-96', u'hmac-ripemd160', u'hmac-ripemd160@openssh.com', u'hmac-sha1-96', u'hmac-md5-96'] server mac:[u'hmac-md5', u'hmac-sha1', u'umac-64@openssh.com', u'hmac-sha2-256', u'hmac-sha2-256-96', u'hmac-sha2-512', u'hmac-sha2-512-96', u'hmac-ripemd160', u'hmac-ripemd160@openssh.com', u'hmac-sha1-96', u'hmac-md5-96'] client compress:[u'none', u'zlib@openssh.com'] server compress:[u'none', u'zlib@openssh.com'] client lang:[u''] server lang:[u''] kex follows?False
DEB [20160926-22:42:42.818] thr=8   paramiko.transport: Kex agreed: diffie-hellman-group1-sha1
DEB [20160926-22:42:42.818] thr=8   paramiko.transport: Cipher agreed: aes128-ctr
DEB [20160926-22:42:42.818] thr=8   paramiko.transport: MAC agreed: hmac-sha2-256
DEB [20160926-22:42:42.818] thr=8   paramiko.transport: Compression agreed: none
DEB [20160926-22:42:43.555] thr=8   paramiko.transport: kex engine KexGroup1 specified hash_algo <built-in function openssl_sha1>
DEB [20160926-22:42:43.556] thr=8   paramiko.transport: Switch to new keys ...
DEB [20160926-22:42:43.557] thr=9   paramiko.transport: Adding ssh-rsa host key for 192.168.10.9: 5e17d597fc1ae7ee3c2e0fb2d3c000b2
DEB [20160926-22:42:43.637] thr=8   paramiko.transport: userauth is OK
INF [20160926-22:42:50.417] thr=8   paramiko.transport: Authentication (password) successful!
DEB [20160926-22:42:50.517] thr=8   paramiko.transport: EOF in transport thread
DEB [20160926-22:42:50.766] thr=10  paramiko.transport: starting thread (client mode): 0xe6bdff90L
DEB [20160926-22:42:50.766] thr=10  paramiko.transport: Local version/idstring: SSH-2.0-paramiko_1.16.0
DEB [20160926-22:42:51.317] thr=10  paramiko.transport: Remote version/idstring: SSH-2.0-dropbear_2014.65
INF [20160926-22:42:51.317] thr=10  paramiko.transport: Connected (version 2.0, client dropbear_2014.65)
DEB [20160926-22:42:51.318] thr=10  paramiko.transport: kex algos:[u'curve25519-sha256@libssh.org', u'ecdh-sha2-nistp521', u'ecdh-sha2-nistp384', u'ecdh-sha2-nistp256', u'diffie-hellman-group1-sha1', u'kexguess2@matt.ucc.asn.au'] server key:[u'ssh-rsa', u'ssh-dss'] client encrypt:[u'aes128-ctr', u'3des-ctr', u'aes256-ctr', u'aes128-cbc', u'3des-cbc', u'aes256-cbc', u'twofish256-cbc', u'twofish-cbc', u'twofish128-cbc'] server encrypt:[u'aes128-ctr', u'3des-ctr', u'aes256-ctr', u'aes128-cbc', u'3des-cbc', u'aes256-cbc', u'twofish256-cbc', u'twofish-cbc', u'twofish128-cbc'] client mac:[u'hmac-sha1-96', u'hmac-sha1', u'hmac-md5'] server mac:[u'hmac-sha1-96', u'hmac-sha1', u'hmac-md5'] client compress:[u'none'] server compress:[u'none'] client lang:[u''] server lang:[u''] kex follows?False
DEB [20160926-22:42:51.318] thr=10  paramiko.transport: Kex agreed: diffie-hellman-group1-sha1
DEB [20160926-22:42:51.319] thr=10  paramiko.transport: Cipher agreed: aes128-ctr
DEB [20160926-22:42:51.319] thr=10  paramiko.transport: MAC agreed: hmac-md5
DEB [20160926-22:42:51.319] thr=10  paramiko.transport: Compression agreed: none
DEB [20160926-22:42:54.569] thr=10  paramiko.transport: kex engine KexGroup1 specified hash_algo <built-in function openssl_sha1>
DEB [20160926-22:42:54.570] thr=10  paramiko.transport: Switch to new keys ...
DEB [20160926-22:42:54.573] thr=11  paramiko.transport: Adding ssh-rsa host key for 192.168.0.11: 48c2c9bacb76df1f47367c46f370dd25
DEB [20160926-22:42:54.590] thr=10  paramiko.transport: userauth is OK
INF [20160926-22:42:54.615] thr=10  paramiko.transport: Authentication (password) successful!
DEB [20160926-22:42:54.639] thr=11  paramiko.transport: [chan 0] Max packet in: 32768 bytes
DEB [20160926-22:42:54.875] thr=10  paramiko.transport: [chan 0] Max packet out: 32759 bytes
DEB [20160926-22:42:54.876] thr=10  paramiko.transport: Secsh channel 0 opened.
DEB [20160926-22:42:55.001] thr=10  paramiko.transport: [chan 0] Sesch channel 0 request ok
DEB [20160926-22:42:55.041] thr=10  paramiko.transport: [chan 0] Sesch channel 0 request ok
DEB [20160926-22:43:07.004] thr=10  paramiko.transport: EOF in transport thread
